{"/Users/rassya/Documents/PHASE 2/IP-RMT64/server/app.js": {"path":"/Users/rassya/Documents/PHASE 2/IP-RMT64/server/app.js","statementMap":{"0":{"start":{"line":3,"column":0},"end":{"line":3,"column":27}},"1":{"start":{"line":4,"column":13},"end":{"line":4,"column":28}},"2":{"start":{"line":5,"column":16},"end":{"line":5,"column":34}},"3":{"start":{"line":6,"column":24},"end":{"line":6,"column":43}},"4":{"start":{"line":7,"column":28},"end":{"line":7,"column":56}},"5":{"start":{"line":8,"column":26},"end":{"line":8,"column":50}},"6":{"start":{"line":9,"column":23},"end":{"line":9,"column":49}},"7":{"start":{"line":10,"column":17},"end":{"line":10,"column":39}},"8":{"start":{"line":11,"column":25},"end":{"line":11,"column":55}},"9":{"start":{"line":12,"column":15},"end":{"line":12,"column":61}},"10":{"start":{"line":14,"column":12},"end":{"line":14,"column":21}},"11":{"start":{"line":16,"column":0},"end":{"line":16,"column":16}},"12":{"start":{"line":17,"column":0},"end":{"line":17,"column":24}},"13":{"start":{"line":18,"column":0},"end":{"line":18,"column":48}},"14":{"start":{"line":19,"column":0},"end":{"line":19,"column":25}},"15":{"start":{"line":21,"column":0},"end":{"line":29,"column":3}},"16":{"start":{"line":22,"column":4},"end":{"line":28,"column":5}},"17":{"start":{"line":23,"column":62},"end":{"line":23,"column":70}},"18":{"start":{"line":24,"column":25},"end":{"line":24,"column":90}},"19":{"start":{"line":25,"column":8},"end":{"line":25,"column":39}},"20":{"start":{"line":27,"column":8},"end":{"line":27,"column":53}},"21":{"start":{"line":31,"column":0},"end":{"line":38,"column":3}},"22":{"start":{"line":32,"column":4},"end":{"line":37,"column":5}},"23":{"start":{"line":33,"column":23},"end":{"line":33,"column":70}},"24":{"start":{"line":34,"column":8},"end":{"line":34,"column":37}},"25":{"start":{"line":36,"column":8},"end":{"line":36,"column":53}},"26":{"start":{"line":40,"column":0},"end":{"line":49,"column":3}},"27":{"start":{"line":41,"column":4},"end":{"line":48,"column":5}},"28":{"start":{"line":42,"column":19},"end":{"line":42,"column":33}},"29":{"start":{"line":43,"column":22},"end":{"line":43,"column":46}},"30":{"start":{"line":44,"column":8},"end":{"line":44,"column":78}},"31":{"start":{"line":44,"column":20},"end":{"line":44,"column":78}},"32":{"start":{"line":45,"column":8},"end":{"line":45,"column":36}},"33":{"start":{"line":47,"column":8},"end":{"line":47,"column":53}},"34":{"start":{"line":51,"column":0},"end":{"line":62,"column":3}},"35":{"start":{"line":52,"column":4},"end":{"line":61,"column":5}},"36":{"start":{"line":53,"column":19},"end":{"line":53,"column":33}},"37":{"start":{"line":54,"column":62},"end":{"line":54,"column":70}},"38":{"start":{"line":55,"column":26},"end":{"line":55,"column":110}},"39":{"start":{"line":56,"column":8},"end":{"line":56,"column":80}},"40":{"start":{"line":56,"column":22},"end":{"line":56,"column":80}},"41":{"start":{"line":57,"column":29},"end":{"line":57,"column":53}},"42":{"start":{"line":58,"column":8},"end":{"line":58,"column":43}},"43":{"start":{"line":60,"column":8},"end":{"line":60,"column":53}},"44":{"start":{"line":64,"column":0},"end":{"line":73,"column":3}},"45":{"start":{"line":65,"column":4},"end":{"line":72,"column":5}},"46":{"start":{"line":66,"column":19},"end":{"line":66,"column":33}},"47":{"start":{"line":67,"column":24},"end":{"line":67,"column":62}},"48":{"start":{"line":68,"column":8},"end":{"line":68,"column":80}},"49":{"start":{"line":68,"column":22},"end":{"line":68,"column":80}},"50":{"start":{"line":69,"column":8},"end":{"line":69,"column":59}},"51":{"start":{"line":71,"column":8},"end":{"line":71,"column":53}},"52":{"start":{"line":75,"column":0},"end":{"line":98,"column":3}},"53":{"start":{"line":76,"column":4},"end":{"line":97,"column":5}},"54":{"start":{"line":77,"column":36},"end":{"line":77,"column":44}},"55":{"start":{"line":79,"column":8},"end":{"line":81,"column":9}},"56":{"start":{"line":80,"column":12},"end":{"line":80,"column":87}},"57":{"start":{"line":83,"column":21},"end":{"line":83,"column":61}},"58":{"start":{"line":84,"column":8},"end":{"line":86,"column":9}},"59":{"start":{"line":85,"column":12},"end":{"line":85,"column":82}},"60":{"start":{"line":88,"column":29},"end":{"line":88,"column":95}},"61":{"start":{"line":90,"column":8},"end":{"line":94,"column":11}},"62":{"start":{"line":96,"column":8},"end":{"line":96,"column":18}},"63":{"start":{"line":100,"column":0},"end":{"line":124,"column":3}},"64":{"start":{"line":101,"column":4},"end":{"line":123,"column":5}},"65":{"start":{"line":102,"column":28},"end":{"line":102,"column":36}},"66":{"start":{"line":104,"column":23},"end":{"line":107,"column":10}},"67":{"start":{"line":109,"column":24},"end":{"line":109,"column":43}},"68":{"start":{"line":110,"column":32},"end":{"line":110,"column":39}},"69":{"start":{"line":112,"column":19},"end":{"line":112,"column":59}},"70":{"start":{"line":113,"column":8},"end":{"line":115,"column":9}},"71":{"start":{"line":114,"column":12},"end":{"line":114,"column":88}},"72":{"start":{"line":117,"column":29},"end":{"line":117,"column":95}},"73":{"start":{"line":119,"column":8},"end":{"line":119,"column":83}},"74":{"start":{"line":121,"column":8},"end":{"line":121,"column":27}},"75":{"start":{"line":122,"column":8},"end":{"line":122,"column":71}},"76":{"start":{"line":127,"column":0},"end":{"line":151,"column":3}},"77":{"start":{"line":128,"column":4},"end":{"line":150,"column":5}},"78":{"start":{"line":129,"column":36},"end":{"line":129,"column":44}},"79":{"start":{"line":131,"column":8},"end":{"line":131,"column":82}},"80":{"start":{"line":131,"column":20},"end":{"line":131,"column":82}},"81":{"start":{"line":132,"column":8},"end":{"line":132,"column":88}},"82":{"start":{"line":132,"column":23},"end":{"line":132,"column":88}},"83":{"start":{"line":134,"column":24},"end":{"line":134,"column":77}},"84":{"start":{"line":136,"column":8},"end":{"line":140,"column":11}},"85":{"start":{"line":142,"column":8},"end":{"line":149,"column":9}},"86":{"start":{"line":143,"column":12},"end":{"line":143,"column":78}},"87":{"start":{"line":144,"column":15},"end":{"line":149,"column":9}},"88":{"start":{"line":145,"column":12},"end":{"line":145,"column":76}},"89":{"start":{"line":147,"column":12},"end":{"line":147,"column":31}},"90":{"start":{"line":148,"column":12},"end":{"line":148,"column":78}},"91":{"start":{"line":153,"column":13},"end":{"line":156,"column":2}},"92":{"start":{"line":158,"column":0},"end":{"line":196,"column":3}},"93":{"start":{"line":159,"column":4},"end":{"line":195,"column":5}},"94":{"start":{"line":160,"column":48},"end":{"line":160,"column":56}},"95":{"start":{"line":162,"column":8},"end":{"line":164,"column":9}},"96":{"start":{"line":163,"column":12},"end":{"line":163,"column":74}},"97":{"start":{"line":166,"column":26},"end":{"line":181,"column":9}},"98":{"start":{"line":175,"column":45},"end":{"line":180,"column":13}},"99":{"start":{"line":183,"column":28},"end":{"line":183,"column":67}},"100":{"start":{"line":185,"column":8},"end":{"line":188,"column":11}},"101":{"start":{"line":190,"column":8},"end":{"line":190,"column":46}},"102":{"start":{"line":191,"column":8},"end":{"line":194,"column":11}},"103":{"start":{"line":198,"column":0},"end":{"line":201,"column":3}},"104":{"start":{"line":199,"column":4},"end":{"line":199,"column":42}},"105":{"start":{"line":200,"column":4},"end":{"line":200,"column":63}},"106":{"start":{"line":203,"column":13},"end":{"line":203,"column":37}},"107":{"start":{"line":204,"column":0},"end":{"line":206,"column":3}},"108":{"start":{"line":205,"column":4},"end":{"line":205,"column":65}},"109":{"start":{"line":208,"column":0},"end":{"line":208,"column":21}}},"fnMap":{"0":{"name":"(anonymous_0)","decl":{"start":{"line":21,"column":20},"end":{"line":21,"column":21}},"loc":{"start":{"line":21,"column":40},"end":{"line":29,"column":1}},"line":21},"1":{"name":"(anonymous_1)","decl":{"start":{"line":31,"column":19},"end":{"line":31,"column":20}},"loc":{"start":{"line":31,"column":39},"end":{"line":38,"column":1}},"line":31},"2":{"name":"(anonymous_2)","decl":{"start":{"line":40,"column":23},"end":{"line":40,"column":24}},"loc":{"start":{"line":40,"column":43},"end":{"line":49,"column":1}},"line":40},"3":{"name":"(anonymous_3)","decl":{"start":{"line":51,"column":23},"end":{"line":51,"column":24}},"loc":{"start":{"line":51,"column":43},"end":{"line":62,"column":1}},"line":51},"4":{"name":"(anonymous_4)","decl":{"start":{"line":64,"column":26},"end":{"line":64,"column":27}},"loc":{"start":{"line":64,"column":46},"end":{"line":73,"column":1}},"line":64},"5":{"name":"(anonymous_5)","decl":{"start":{"line":75,"column":19},"end":{"line":75,"column":20}},"loc":{"start":{"line":75,"column":45},"end":{"line":98,"column":1}},"line":75},"6":{"name":"(anonymous_6)","decl":{"start":{"line":100,"column":26},"end":{"line":100,"column":27}},"loc":{"start":{"line":100,"column":46},"end":{"line":124,"column":1}},"line":100},"7":{"name":"(anonymous_7)","decl":{"start":{"line":127,"column":22},"end":{"line":127,"column":23}},"loc":{"start":{"line":127,"column":42},"end":{"line":151,"column":1}},"line":127},"8":{"name":"(anonymous_8)","decl":{"start":{"line":158,"column":22},"end":{"line":158,"column":23}},"loc":{"start":{"line":158,"column":42},"end":{"line":196,"column":1}},"line":158},"9":{"name":"(anonymous_9)","decl":{"start":{"line":175,"column":36},"end":{"line":175,"column":37}},"loc":{"start":{"line":175,"column":45},"end":{"line":180,"column":13}},"line":175},"10":{"name":"(anonymous_10)","decl":{"start":{"line":198,"column":8},"end":{"line":198,"column":9}},"loc":{"start":{"line":198,"column":33},"end":{"line":201,"column":1}},"line":198},"11":{"name":"(anonymous_11)","decl":{"start":{"line":204,"column":17},"end":{"line":204,"column":18}},"loc":{"start":{"line":204,"column":23},"end":{"line":206,"column":1}},"line":204}},"branchMap":{"0":{"loc":{"start":{"line":44,"column":8},"end":{"line":44,"column":78}},"type":"if","locations":[{"start":{"line":44,"column":8},"end":{"line":44,"column":78}},{"start":{},"end":{}}],"line":44},"1":{"loc":{"start":{"line":56,"column":8},"end":{"line":56,"column":80}},"type":"if","locations":[{"start":{"line":56,"column":8},"end":{"line":56,"column":80}},{"start":{},"end":{}}],"line":56},"2":{"loc":{"start":{"line":68,"column":8},"end":{"line":68,"column":80}},"type":"if","locations":[{"start":{"line":68,"column":8},"end":{"line":68,"column":80}},{"start":{},"end":{}}],"line":68},"3":{"loc":{"start":{"line":79,"column":8},"end":{"line":81,"column":9}},"type":"if","locations":[{"start":{"line":79,"column":8},"end":{"line":81,"column":9}},{"start":{},"end":{}}],"line":79},"4":{"loc":{"start":{"line":79,"column":12},"end":{"line":79,"column":31}},"type":"binary-expr","locations":[{"start":{"line":79,"column":12},"end":{"line":79,"column":18}},{"start":{"line":79,"column":22},"end":{"line":79,"column":31}}],"line":79},"5":{"loc":{"start":{"line":84,"column":8},"end":{"line":86,"column":9}},"type":"if","locations":[{"start":{"line":84,"column":8},"end":{"line":86,"column":9}},{"start":{},"end":{}}],"line":84},"6":{"loc":{"start":{"line":84,"column":12},"end":{"line":84,"column":62}},"type":"binary-expr","locations":[{"start":{"line":84,"column":12},"end":{"line":84,"column":17}},{"start":{"line":84,"column":21},"end":{"line":84,"column":62}}],"line":84},"7":{"loc":{"start":{"line":113,"column":8},"end":{"line":115,"column":9}},"type":"if","locations":[{"start":{"line":113,"column":8},"end":{"line":115,"column":9}},{"start":{},"end":{}}],"line":113},"8":{"loc":{"start":{"line":131,"column":8},"end":{"line":131,"column":82}},"type":"if","locations":[{"start":{"line":131,"column":8},"end":{"line":131,"column":82}},{"start":{},"end":{}}],"line":131},"9":{"loc":{"start":{"line":132,"column":8},"end":{"line":132,"column":88}},"type":"if","locations":[{"start":{"line":132,"column":8},"end":{"line":132,"column":88}},{"start":{},"end":{}}],"line":132},"10":{"loc":{"start":{"line":142,"column":8},"end":{"line":149,"column":9}},"type":"if","locations":[{"start":{"line":142,"column":8},"end":{"line":149,"column":9}},{"start":{"line":144,"column":15},"end":{"line":149,"column":9}}],"line":142},"11":{"loc":{"start":{"line":144,"column":15},"end":{"line":149,"column":9}},"type":"if","locations":[{"start":{"line":144,"column":15},"end":{"line":149,"column":9}},{"start":{"line":146,"column":15},"end":{"line":149,"column":9}}],"line":144},"12":{"loc":{"start":{"line":162,"column":8},"end":{"line":164,"column":9}},"type":"if","locations":[{"start":{"line":162,"column":8},"end":{"line":164,"column":9}},{"start":{},"end":{}}],"line":162},"13":{"loc":{"start":{"line":162,"column":12},"end":{"line":162,"column":40}},"type":"binary-expr","locations":[{"start":{"line":162,"column":12},"end":{"line":162,"column":18}},{"start":{"line":162,"column":22},"end":{"line":162,"column":40}}],"line":162},"14":{"loc":{"start":{"line":172,"column":28},"end":{"line":172,"column":53}},"type":"binary-expr","locations":[{"start":{"line":172,"column":28},"end":{"line":172,"column":42}},{"start":{"line":172,"column":46},"end":{"line":172,"column":53}}],"line":172},"15":{"loc":{"start":{"line":173,"column":23},"end":{"line":173,"column":61}},"type":"binary-expr","locations":[{"start":{"line":173,"column":23},"end":{"line":173,"column":38}},{"start":{"line":173,"column":42},"end":{"line":173,"column":61}}],"line":173},"16":{"loc":{"start":{"line":203,"column":13},"end":{"line":203,"column":37}},"type":"binary-expr","locations":[{"start":{"line":203,"column":13},"end":{"line":203,"column":29}},{"start":{"line":203,"column":33},"end":{"line":203,"column":37}}],"line":203}},"s":{"0":5,"1":5,"2":5,"3":5,"4":5,"5":5,"6":5,"7":5,"8":5,"9":5,"10":5,"11":5,"12":5,"13":5,"14":5,"15":5,"16":1,"17":1,"18":1,"19":1,"20":0,"21":5,"22":1,"23":1,"24":1,"25":0,"26":5,"27":2,"28":2,"29":2,"30":2,"31":1,"32":1,"33":0,"34":5,"35":1,"36":1,"37":1,"38":1,"39":1,"40":0,"41":1,"42":1,"43":0,"44":5,"45":1,"46":1,"47":1,"48":1,"49":0,"50":1,"51":0,"52":5,"53":4,"54":4,"55":4,"56":1,"57":3,"58":3,"59":2,"60":1,"61":1,"62":0,"63":5,"64":1,"65":1,"66":1,"67":1,"68":1,"69":1,"70":1,"71":1,"72":1,"73":1,"74":0,"75":0,"76":5,"77":4,"78":4,"79":4,"80":1,"81":3,"82":1,"83":2,"84":1,"85":1,"86":1,"87":0,"88":0,"89":0,"90":0,"91":5,"92":5,"93":2,"94":2,"95":2,"96":1,"97":1,"98":1,"99":1,"100":1,"101":0,"102":0,"103":5,"104":0,"105":0,"106":5,"107":5,"108":5,"109":5},"f":{"0":1,"1":1,"2":2,"3":1,"4":1,"5":4,"6":1,"7":4,"8":2,"9":1,"10":0,"11":5},"b":{"0":[1,1],"1":[0,1],"2":[0,1],"3":[1,3],"4":[4,3],"5":[2,1],"6":[3,2],"7":[1,0],"8":[1,3],"9":[1,2],"10":[1,0],"11":[0,0],"12":[1,1],"13":[2,2],"14":[1,0],"15":[1,0],"16":[5,5]},"_coverageSchema":"1a1c01bbd47fc00a2c39e90264f33305004495a9","hash":"38abc69c269040f8a222ccf9eccd831f4e70efdc"}
,"/Users/rassya/Documents/PHASE 2/IP-RMT64/server/helpers/bcrypts.js": {"path":"/Users/rassya/Documents/PHASE 2/IP-RMT64/server/helpers/bcrypts.js","statementMap":{"0":{"start":{"line":1,"column":15},"end":{"line":1,"column":34}},"1":{"start":{"line":4,"column":4},"end":{"line":4,"column":41}},"2":{"start":{"line":8,"column":4},"end":{"line":8,"column":45}},"3":{"start":{"line":11,"column":0},"end":{"line":11,"column":51}}},"fnMap":{"0":{"name":"hashPassword","decl":{"start":{"line":3,"column":9},"end":{"line":3,"column":21}},"loc":{"start":{"line":3,"column":32},"end":{"line":5,"column":1}},"line":3},"1":{"name":"comparePassword","decl":{"start":{"line":7,"column":9},"end":{"line":7,"column":24}},"loc":{"start":{"line":7,"column":40},"end":{"line":9,"column":1}},"line":7}},"branchMap":{},"s":{"0":5,"1":0,"2":2,"3":5},"f":{"0":0,"1":2},"b":{},"_coverageSchema":"1a1c01bbd47fc00a2c39e90264f33305004495a9","hash":"97b435e1ca7d2f9d03f6e864b21167ea3cfd4e85"}
,"/Users/rassya/Documents/PHASE 2/IP-RMT64/server/helpers/jwt.js": {"path":"/Users/rassya/Documents/PHASE 2/IP-RMT64/server/helpers/jwt.js","statementMap":{"0":{"start":{"line":1,"column":12},"end":{"line":1,"column":35}},"1":{"start":{"line":2,"column":15},"end":{"line":2,"column":65}},"2":{"start":{"line":5,"column":4},"end":{"line":5,"column":37}},"3":{"start":{"line":9,"column":4},"end":{"line":9,"column":37}},"4":{"start":{"line":12,"column":0},"end":{"line":12,"column":48}}},"fnMap":{"0":{"name":"generateToken","decl":{"start":{"line":4,"column":9},"end":{"line":4,"column":22}},"loc":{"start":{"line":4,"column":32},"end":{"line":6,"column":1}},"line":4},"1":{"name":"verifyToken","decl":{"start":{"line":8,"column":9},"end":{"line":8,"column":20}},"loc":{"start":{"line":8,"column":28},"end":{"line":10,"column":1}},"line":8}},"branchMap":{"0":{"loc":{"start":{"line":2,"column":15},"end":{"line":2,"column":65}},"type":"binary-expr","locations":[{"start":{"line":2,"column":15},"end":{"line":2,"column":37}},{"start":{"line":2,"column":41},"end":{"line":2,"column":65}}],"line":2}},"s":{"0":5,"1":5,"2":2,"3":0,"4":5},"f":{"0":2,"1":0},"b":{"0":[5,5]},"_coverageSchema":"1a1c01bbd47fc00a2c39e90264f33305004495a9","hash":"fdad4b6d4bdb7ce1b8c5dccacbaf74523de502ce"}
,"/Users/rassya/Documents/PHASE 2/IP-RMT64/server/models/brand.js": {"path":"/Users/rassya/Documents/PHASE 2/IP-RMT64/server/models/brand.js","statementMap":{"0":{"start":{"line":2,"column":18},"end":{"line":2,"column":38}},"1":{"start":{"line":4,"column":0},"end":{"line":35,"column":2}},"2":{"start":{"line":6,"column":2},"end":{"line":33,"column":4}},"3":{"start":{"line":34,"column":2},"end":{"line":34,"column":15}}},"fnMap":{"0":{"name":"(anonymous_0)","decl":{"start":{"line":4,"column":17},"end":{"line":4,"column":18}},"loc":{"start":{"line":4,"column":43},"end":{"line":35,"column":1}},"line":4}},"branchMap":{},"s":{"0":5,"1":5,"2":5,"3":5},"f":{"0":5},"b":{},"_coverageSchema":"1a1c01bbd47fc00a2c39e90264f33305004495a9","hash":"767729a99cf5e2acb9ed8d47892e847da84d744c"}
,"/Users/rassya/Documents/PHASE 2/IP-RMT64/server/models/index.js": {"path":"/Users/rassya/Documents/PHASE 2/IP-RMT64/server/models/index.js","statementMap":{"0":{"start":{"line":3,"column":11},"end":{"line":3,"column":24}},"1":{"start":{"line":4,"column":13},"end":{"line":4,"column":28}},"2":{"start":{"line":5,"column":18},"end":{"line":5,"column":38}},"3":{"start":{"line":6,"column":16},"end":{"line":6,"column":34}},"4":{"start":{"line":7,"column":17},"end":{"line":7,"column":42}},"5":{"start":{"line":8,"column":12},"end":{"line":8,"column":49}},"6":{"start":{"line":9,"column":15},"end":{"line":9,"column":65}},"7":{"start":{"line":10,"column":11},"end":{"line":10,"column":13}},"8":{"start":{"line":13,"column":0},"end":{"line":17,"column":1}},"9":{"start":{"line":14,"column":2},"end":{"line":14,"column":74}},"10":{"start":{"line":16,"column":2},"end":{"line":16,"column":87}},"11":{"start":{"line":19,"column":0},"end":{"line":32,"column":5}},"12":{"start":{"line":22,"column":4},"end":{"line":27,"column":6}},"13":{"start":{"line":30,"column":18},"end":{"line":30,"column":85}},"14":{"start":{"line":31,"column":4},"end":{"line":31,"column":27}},"15":{"start":{"line":34,"column":0},"end":{"line":38,"column":3}},"16":{"start":{"line":35,"column":2},"end":{"line":37,"column":3}},"17":{"start":{"line":36,"column":4},"end":{"line":36,"column":32}},"18":{"start":{"line":40,"column":0},"end":{"line":40,"column":25}},"19":{"start":{"line":41,"column":0},"end":{"line":41,"column":25}},"20":{"start":{"line":43,"column":0},"end":{"line":43,"column":20}}},"fnMap":{"0":{"name":"(anonymous_0)","decl":{"start":{"line":21,"column":10},"end":{"line":21,"column":11}},"loc":{"start":{"line":21,"column":18},"end":{"line":28,"column":3}},"line":21},"1":{"name":"(anonymous_1)","decl":{"start":{"line":29,"column":11},"end":{"line":29,"column":12}},"loc":{"start":{"line":29,"column":19},"end":{"line":32,"column":3}},"line":29},"2":{"name":"(anonymous_2)","decl":{"start":{"line":34,"column":24},"end":{"line":34,"column":25}},"loc":{"start":{"line":34,"column":37},"end":{"line":38,"column":1}},"line":34}},"branchMap":{"0":{"loc":{"start":{"line":8,"column":12},"end":{"line":8,"column":49}},"type":"binary-expr","locations":[{"start":{"line":8,"column":12},"end":{"line":8,"column":32}},{"start":{"line":8,"column":36},"end":{"line":8,"column":49}}],"line":8},"1":{"loc":{"start":{"line":13,"column":0},"end":{"line":17,"column":1}},"type":"if","locations":[{"start":{"line":13,"column":0},"end":{"line":17,"column":1}},{"start":{"line":15,"column":7},"end":{"line":17,"column":1}}],"line":13},"2":{"loc":{"start":{"line":23,"column":6},"end":{"line":26,"column":37}},"type":"binary-expr","locations":[{"start":{"line":23,"column":6},"end":{"line":23,"column":29}},{"start":{"line":24,"column":6},"end":{"line":24,"column":23}},{"start":{"line":25,"column":6},"end":{"line":25,"column":30}},{"start":{"line":26,"column":6},"end":{"line":26,"column":37}}],"line":23},"3":{"loc":{"start":{"line":35,"column":2},"end":{"line":37,"column":3}},"type":"if","locations":[{"start":{"line":35,"column":2},"end":{"line":37,"column":3}},{"start":{},"end":{}}],"line":35}},"s":{"0":5,"1":5,"2":5,"3":5,"4":5,"5":5,"6":5,"7":5,"8":5,"9":0,"10":5,"11":5,"12":15,"13":10,"14":10,"15":5,"16":10,"17":5,"18":5,"19":5,"20":5},"f":{"0":15,"1":10,"2":10},"b":{"0":[5,0],"1":[0,5],"2":[15,15,10,10],"3":[5,5]},"_coverageSchema":"1a1c01bbd47fc00a2c39e90264f33305004495a9","hash":"1a6497f252ff67fbd3fd1566ebf9643537d40bd4"}
,"/Users/rassya/Documents/PHASE 2/IP-RMT64/server/models/user.js": {"path":"/Users/rassya/Documents/PHASE 2/IP-RMT64/server/models/user.js","statementMap":{"0":{"start":{"line":2,"column":18},"end":{"line":2,"column":38}},"1":{"start":{"line":3,"column":15},"end":{"line":3,"column":34}},"2":{"start":{"line":5,"column":0},"end":{"line":54,"column":1}},"3":{"start":{"line":10,"column":2},"end":{"line":52,"column":4}},"4":{"start":{"line":48,"column":21},"end":{"line":48,"column":43}},"5":{"start":{"line":49,"column":8},"end":{"line":49,"column":60}},"6":{"start":{"line":53,"column":2},"end":{"line":53,"column":13}}},"fnMap":{"0":{"name":"(anonymous_0)","decl":{"start":{"line":5,"column":17},"end":{"line":5,"column":18}},"loc":{"start":{"line":5,"column":43},"end":{"line":54,"column":1}},"line":5},"1":{"name":"(anonymous_1)","decl":{"start":{"line":7,"column":4},"end":{"line":7,"column":5}},"loc":{"start":{"line":7,"column":29},"end":{"line":8,"column":5}},"line":7},"2":{"name":"(anonymous_2)","decl":{"start":{"line":47,"column":6},"end":{"line":47,"column":7}},"loc":{"start":{"line":47,"column":25},"end":{"line":50,"column":7}},"line":47}},"branchMap":{},"s":{"0":5,"1":5,"2":5,"3":5,"4":5,"5":5,"6":5},"f":{"0":5,"1":5,"2":5},"b":{},"_coverageSchema":"1a1c01bbd47fc00a2c39e90264f33305004495a9","hash":"3ef7f74ec74de158ab877891564e3ef5ee3729dd"}
,"/Users/rassya/Documents/PHASE 2/IP-RMT64/server/routes/ai.js": {"path":"/Users/rassya/Documents/PHASE 2/IP-RMT64/server/routes/ai.js","statementMap":{"0":{"start":{"line":3,"column":16},"end":{"line":3,"column":34}},"1":{"start":{"line":4,"column":15},"end":{"line":4,"column":32}},"2":{"start":{"line":5,"column":15},"end":{"line":5,"column":31}},"3":{"start":{"line":7,"column":15},"end":{"line":9,"column":2}},"4":{"start":{"line":11,"column":0},"end":{"line":30,"column":3}},"5":{"start":{"line":12,"column":19},"end":{"line":12,"column":27}},"6":{"start":{"line":13,"column":2},"end":{"line":13,"column":72}},"7":{"start":{"line":13,"column":13},"end":{"line":13,"column":72}},"8":{"start":{"line":15,"column":2},"end":{"line":29,"column":3}},"9":{"start":{"line":16,"column":23},"end":{"line":22,"column":6}},"10":{"start":{"line":24,"column":20},"end":{"line":24,"column":57}},"11":{"start":{"line":25,"column":4},"end":{"line":25,"column":26}},"12":{"start":{"line":27,"column":4},"end":{"line":27,"column":23}},"13":{"start":{"line":28,"column":4},"end":{"line":28,"column":56}},"14":{"start":{"line":32,"column":0},"end":{"line":32,"column":24}}},"fnMap":{"0":{"name":"(anonymous_0)","decl":{"start":{"line":11,"column":24},"end":{"line":11,"column":25}},"loc":{"start":{"line":11,"column":50},"end":{"line":30,"column":1}},"line":11}},"branchMap":{"0":{"loc":{"start":{"line":13,"column":2},"end":{"line":13,"column":72}},"type":"if","locations":[{"start":{"line":13,"column":2},"end":{"line":13,"column":72}},{"start":{},"end":{}}],"line":13}},"s":{"0":5,"1":5,"2":5,"3":5,"4":5,"5":3,"6":3,"7":1,"8":2,"9":2,"10":2,"11":0,"12":2,"13":2,"14":5},"f":{"0":3},"b":{"0":[1,2]},"_coverageSchema":"1a1c01bbd47fc00a2c39e90264f33305004495a9","hash":"1c1e044147f968b86abb7b0c637853aa1142605e"}
}
