TN:
SF:app.js
FN:21,(anonymous_0)
FN:31,(anonymous_1)
FN:40,(anonymous_2)
FN:51,(anonymous_3)
FN:64,(anonymous_4)
FN:75,(anonymous_5)
FN:100,(anonymous_6)
FN:127,(anonymous_7)
FN:158,(anonymous_8)
FN:175,(anonymous_9)
FN:198,(anonymous_10)
FN:204,(anonymous_11)
FNF:12
FNH:11
FNDA:1,(anonymous_0)
FNDA:1,(anonymous_1)
FNDA:2,(anonymous_2)
FNDA:1,(anonymous_3)
FNDA:1,(anonymous_4)
FNDA:4,(anonymous_5)
FNDA:1,(anonymous_6)
FNDA:4,(anonymous_7)
FNDA:2,(anonymous_8)
FNDA:1,(anonymous_9)
FNDA:0,(anonymous_10)
FNDA:5,(anonymous_11)
DA:3,5
DA:4,5
DA:5,5
DA:6,5
DA:7,5
DA:8,5
DA:9,5
DA:10,5
DA:11,5
DA:12,5
DA:14,5
DA:16,5
DA:17,5
DA:18,5
DA:19,5
DA:21,5
DA:22,1
DA:23,1
DA:24,1
DA:25,1
DA:27,0
DA:31,5
DA:32,1
DA:33,1
DA:34,1
DA:36,0
DA:40,5
DA:41,2
DA:42,2
DA:43,2
DA:44,2
DA:45,1
DA:47,0
DA:51,5
DA:52,1
DA:53,1
DA:54,1
DA:55,1
DA:56,1
DA:57,1
DA:58,1
DA:60,0
DA:64,5
DA:65,1
DA:66,1
DA:67,1
DA:68,1
DA:69,1
DA:71,0
DA:75,5
DA:76,4
DA:77,4
DA:79,4
DA:80,1
DA:83,3
DA:84,3
DA:85,2
DA:88,1
DA:90,1
DA:96,0
DA:100,5
DA:101,1
DA:102,1
DA:104,1
DA:109,1
DA:110,1
DA:112,1
DA:113,1
DA:114,1
DA:117,1
DA:119,1
DA:121,0
DA:122,0
DA:127,5
DA:128,4
DA:129,4
DA:131,4
DA:132,3
DA:134,2
DA:136,1
DA:142,1
DA:143,1
DA:144,0
DA:145,0
DA:147,0
DA:148,0
DA:153,5
DA:158,5
DA:159,2
DA:160,2
DA:162,2
DA:163,1
DA:166,1
DA:175,1
DA:183,1
DA:185,1
DA:190,0
DA:191,0
DA:198,5
DA:199,0
DA:200,0
DA:203,5
DA:204,5
DA:205,5
DA:208,5
LF:105
LH:89
BRDA:44,0,0,1
BRDA:44,0,1,1
BRDA:56,1,0,0
BRDA:56,1,1,1
BRDA:68,2,0,0
BRDA:68,2,1,1
BRDA:79,3,0,1
BRDA:79,3,1,3
BRDA:79,4,0,4
BRDA:79,4,1,3
BRDA:84,5,0,2
BRDA:84,5,1,1
BRDA:84,6,0,3
BRDA:84,6,1,2
BRDA:113,7,0,1
BRDA:113,7,1,0
BRDA:131,8,0,1
BRDA:131,8,1,3
BRDA:132,9,0,1
BRDA:132,9,1,2
BRDA:142,10,0,1
BRDA:142,10,1,0
BRDA:144,11,0,0
BRDA:144,11,1,0
BRDA:162,12,0,1
BRDA:162,12,1,1
BRDA:162,13,0,2
BRDA:162,13,1,2
BRDA:172,14,0,1
BRDA:172,14,1,0
BRDA:173,15,0,1
BRDA:173,15,1,0
BRDA:203,16,0,5
BRDA:203,16,1,5
BRF:34
BRH:26
end_of_record
TN:
SF:helpers/bcrypts.js
FN:3,hashPassword
FN:7,comparePassword
FNF:2
FNH:1
FNDA:0,hashPassword
FNDA:2,comparePassword
DA:1,5
DA:4,0
DA:8,2
DA:11,5
LF:4
LH:3
BRF:0
BRH:0
end_of_record
TN:
SF:helpers/jwt.js
FN:4,generateToken
FN:8,verifyToken
FNF:2
FNH:1
FNDA:2,generateToken
FNDA:0,verifyToken
DA:1,5
DA:2,5
DA:5,2
DA:9,0
DA:12,5
LF:5
LH:4
BRDA:2,0,0,5
BRDA:2,0,1,5
BRF:2
BRH:2
end_of_record
TN:
SF:models/brand.js
FN:4,(anonymous_0)
FNF:1
FNH:1
FNDA:5,(anonymous_0)
DA:2,5
DA:4,5
DA:6,5
DA:34,5
LF:4
LH:4
BRF:0
BRH:0
end_of_record
TN:
SF:models/index.js
FN:21,(anonymous_0)
FN:29,(anonymous_1)
FN:34,(anonymous_2)
FNF:3
FNH:3
FNDA:15,(anonymous_0)
FNDA:10,(anonymous_1)
FNDA:10,(anonymous_2)
DA:3,5
DA:4,5
DA:5,5
DA:6,5
DA:7,5
DA:8,5
DA:9,5
DA:10,5
DA:13,5
DA:14,0
DA:16,5
DA:19,5
DA:22,15
DA:30,10
DA:31,10
DA:34,5
DA:35,10
DA:36,5
DA:40,5
DA:41,5
DA:43,5
LF:21
LH:20
BRDA:8,0,0,5
BRDA:8,0,1,0
BRDA:13,1,0,0
BRDA:13,1,1,5
BRDA:23,2,0,15
BRDA:23,2,1,15
BRDA:23,2,2,10
BRDA:23,2,3,10
BRDA:35,3,0,5
BRDA:35,3,1,5
BRF:10
BRH:8
end_of_record
TN:
SF:models/user.js
FN:5,(anonymous_0)
FN:7,(anonymous_1)
FN:47,(anonymous_2)
FNF:3
FNH:3
FNDA:5,(anonymous_0)
FNDA:5,(anonymous_1)
FNDA:5,(anonymous_2)
DA:2,5
DA:3,5
DA:5,5
DA:10,5
DA:48,5
DA:49,5
DA:53,5
LF:7
LH:7
BRF:0
BRH:0
end_of_record
TN:
SF:routes/ai.js
FN:11,(anonymous_0)
FNF:1
FNH:1
FNDA:3,(anonymous_0)
DA:3,5
DA:4,5
DA:5,5
DA:7,5
DA:11,5
DA:12,3
DA:13,3
DA:15,2
DA:16,2
DA:24,2
DA:25,0
DA:27,2
DA:28,2
DA:32,5
LF:14
LH:13
BRDA:13,0,0,1
BRDA:13,0,1,2
BRF:2
BRH:2
end_of_record
